La génération a démarré 17/06/2016 05:53:21.
     1>Projet "C:\Users\Hugues\Documents\Visual Studio 2013\Projects\SpaceInvaders\SpaceInvaders\SpaceInvaders.vcxproj" sur le nœud 2 (Build cible(s)).
     1>ClCompile:
         C:\Program Files (x86)\Microsoft Visual Studio 12.0\VC\bin\CL.exe /c /I"C:\SFML-2.3.2\include" /Zi /nologo /W3 /WX- /sdl /O2 /Oi /Oy- /GL /D WIN32 /D NDEBUG /D _CONSOLE /D _LIB /D _UNICODE /D UNICODE /Gm- /EHsc /MD /GS /Gy /fp:precise /Zc:wchar_t /Zc:forScope /Fo"Release\\" /Fd"Release\vc120.pdb" /Gd /TP /analyze- /errorReport:prompt Element.cpp Ennemi.cpp main.cpp Tir.cpp Vaisseau.cpp
         Element.cpp
         Ennemi.cpp
     1>Ennemi.cpp(8): warning C4244: 'argument' : conversion de 'int' en 'float', perte possible de données
         main.cpp
     1>main.cpp(46): warning C4244: 'argument' : conversion de 'time_t' en 'unsigned int', perte possible de données
     1>main.cpp(143): warning C4018: '<' : incompatibilité signed/unsigned
     1>main.cpp(164): warning C4018: '<' : incompatibilité signed/unsigned
     1>main.cpp(185): warning C4018: '<' : incompatibilité signed/unsigned
     1>main.cpp(187): warning C4018: '<' : incompatibilité signed/unsigned
     1>main.cpp(206): warning C4018: '<' : incompatibilité signed/unsigned
     1>main.cpp(212): warning C4018: '<' : incompatibilité signed/unsigned
         Tir.cpp
         Vaisseau.cpp
     1>Vaisseau.cpp(8): warning C4244: 'argument' : conversion de 'double' en 'float', perte possible de données
       Link:
         C:\Program Files (x86)\Microsoft Visual Studio 12.0\VC\bin\link.exe /ERRORREPORT:PROMPT /OUT:"C:\Users\Hugues\Documents\Visual Studio 2013\Projects\SpaceInvaders\Release\SpaceInvaders.exe" /INCREMENTAL:NO /NOLOGO /LIBPATH:"C:\SFML-2.3.2\lib" "sfml-graphics.lib" "sfml-window.lib" "sfml-audio.lib" "sfml-network.lib" "sfml-system.lib" kernel32.lib user32.lib gdi32.lib winspool.lib comdlg32.lib advapi32.lib shell32.lib ole32.lib oleaut32.lib uuid.lib odbc32.lib odbccp32.lib /MANIFEST /MANIFESTUAC:"level='asInvoker' uiAccess='false'" /manifest:embed /DEBUG /PDB:"C:\Users\Hugues\Documents\Visual Studio 2013\Projects\SpaceInvaders\Release\SpaceInvaders.pdb" /SUBSYSTEM:CONSOLE /OPT:REF /OPT:ICF /LTCG /TLBID:1 /DYNAMICBASE /NXCOMPAT /IMPLIB:"C:\Users\Hugues\Documents\Visual Studio 2013\Projects\SpaceInvaders\Release\SpaceInvaders.lib" /MACHINE:X86 /SAFESEH Release\Element.obj
         Release\Ennemi.obj
         Release\main.obj
         Release\Tir.obj
         Release\Vaisseau.obj
         Génération de code en cours
         Fin de la génération du code
         SpaceInvaders.vcxproj -> C:\Users\Hugues\Documents\Visual Studio 2013\Projects\SpaceInvaders\Release\SpaceInvaders.exe
     1>Génération du projet "C:\Users\Hugues\Documents\Visual Studio 2013\Projects\SpaceInvaders\SpaceInvaders\SpaceInvaders.vcxproj" terminée (Build cible(s)).

La génération a réussi.

Temps écoulé 00:00:03.32
